<?xml version="1.0" encoding="UTF-8"?>
<testsuite xmlns:xsi="http://www.w3.org/2001/XMLSchema-instance" xsi:noNamespaceSchemaLocation="https://maven.apache.org/surefire/maven-surefire-plugin/xsd/surefire-test-report.xsd" version="3.0.2" name="com.leetbot.leet.LeetApplicationTests" time="6.109" tests="1" errors="0" skipped="0" failures="0">
  <properties>
[...]
</properties>
  <testcase name="contextLoads" classname="com.leetbot.leet.LeetApplicationTests" time="1.683">
    <system-out><![CDATA[00:33:34.647 [main] INFO org.springframework.test.context.support.AnnotationConfigContextLoaderUtils -- Could not detect default configuration classes for test class [com.leetbot.leet.LeetApplicationTests]: LeetApplicationTests does not declare any static, non-private, non-final, nested classes annotated with @Configuration.
00:33:34.896 [main] INFO org.springframework.boot.test.context.SpringBootTestContextBootstrapper -- Found @SpringBootConfiguration com.leetbot.leet.LeetApplication for test class com.leetbot.leet.LeetApplicationTests

  .   ____          _            __ _ _
 /\\ / ___'_ __ _ _(_)_ __  __ _ \ \ \ \
( ( )\___ | '_ | '_| | '_ \/ _` | \ \ \ \
 \\/  ___)| |_)| | | | | || (_| |  ) ) ) )
  '  |____| .__|_| |_|_| |_\__, | / / / /
 =========|_|==============|___/=/_/_/_/

 :: Spring Boot ::                (v3.4.0)

2024-12-10T00:33:36.151+03:00  INFO 4072 --- [leet] [           main] com.leetbot.leet.LeetApplicationTests    : Starting LeetApplicationTests using Java 22.0.2 with PID 4072 (started by NewHo in C:\Users\NewHo\Desktop\textures\leet)
2024-12-10T00:33:36.157+03:00  INFO 4072 --- [leet] [           main] com.leetbot.leet.LeetApplicationTests    : No active profile set, falling back to 1 default profile: "default"
2024-12-10T00:33:38.675+03:00  INFO 4072 --- [leet] [           main] com.leetbot.leet.LeetApplicationTests    : Started LeetApplicationTests in 3.431 seconds (process running for 5.69)
]]></system-out>
    <system-err><![CDATA[Mockito is currently self-attaching to enable the inline-mock-maker. This will no longer work in future releases of the JDK. Please add Mockito as an agent to your build what is described in Mockito's documentation: https://javadoc.io/doc/org.mockito/mockito-core/latest/org/mockito/Mockito.html#0.3
WARNING: A Java agent has been loaded dynamically (C:\Users\NewHo\.m2\repository\net\bytebuddy\byte-buddy-agent\1.15.10\byte-buddy-agent-1.15.10.jar)
WARNING: If a serviceability tool is in use, please run with -XX:+EnableDynamicAgentLoading to hide this warning
WARNING: If a serviceability tool is not in use, please run with -Djdk.instrument.traceUsage for more information
WARNING: Dynamic loading of agents will be disallowed by default in a future release
]]></system-err>
  </testcase>
</testsuite>